<?xml version="1.0" encoding="UTF-8"?>
<testsuite xmlns:xsi="http://www.w3.org/2001/XMLSchema-instance" xsi:noNamespaceSchemaLocation="https://maven.apache.org/surefire/maven-surefire-plugin/xsd/surefire-test-report-3.0.xsd" version="3.0" name="AGRICULTURA.Tramite220403.MainPage220403Test" time="11.686" tests="1" errors="0" skipped="0" failures="0">
  <properties>
[...]
</properties>
  <testcase name="Proceso220403" classname="AGRICULTURA.Tramite220403.MainPage220403Test" time="2.789">
    <system-err><![CDATA[[main] INFO com.codeborne.selenide.impl.WebDriverThreadLocalContainer - No webdriver is bound to current thread: 1 - let's create a new webdriver
[main] INFO com.codeborne.selenide.impl.FileHelper - Creating folder: C:\VucemAuto\automations\build\downloads\1741914885334_22616_1
mar 13, 2025 7:14:54 P.M. org.openqa.selenium.devtools.CdpVersionFinder findNearestMatch
WARNING: Unable to find CDP implementation matching 134
mar 13, 2025 7:14:54 P.M. org.openqa.selenium.chromium.ChromiumDriver lambda$new$5
WARNING: Unable to find version of CDP to use for 134.0.6998.89. You may need to include a dependency on a specific version of the CDP using something similar to `org.seleniumhq.selenium:selenium-devtools-v86:4.19.1` where the version ("v86") matches the version of the chromium-based browser you're using and the version number of the artifact is the same as Selenium's.
[main] INFO com.codeborne.selenide.webdriver.WebDriverFactory - BrowserName=chrome Version=134.0.6998.89 Platform=windows
[main] INFO com.codeborne.selenide.webdriver.WebDriverFactory - Selenide v. 7.2.3
[main] INFO com.codeborne.selenide.webdriver.WebDriverFactory - Selenium WebDriver v. 4.19.1 build revision: abe0ee07dc
[main] INFO com.codeborne.selenide.drivercommands.CreateDriverCommand - Created webdriver in thread 1: ChromeDriver -> ChromeDriver: chrome on windows (103d774de42694320077dd4cd6cf1397), downloadsFolder: C:\VucemAuto\automations\build\downloads\1741914885334_22616_1
[main] INFO com.codeborne.selenide.drivercommands.DisposablesRegistry - Register WebDriverInstance[config=StaticConfig, webDriver=ChromeDriver: chrome on windows (103d774de42694320077dd4cd6cf1397), proxy=null, downloadsFolder=C:\VucemAuto\automations\build\downloads\1741914885334_22616_1] in 1 [size=1]
[main] INFO com.codeborne.selenide.drivercommands.DisposablesRegistry - Add shutdown hook in 1 [size=1]
]]></system-err>
  </testcase>
</testsuite>